build/app/outputs/mapping/release/mapping.txt
# compiler: R8
# compiler_version: 1.5.69
# min_api: 21
# pg_map_id: 99d58aa
...
io.grpc.okhttp.internal.CipherSuite -> c.b.o1.r.a:
    io.grpc.okhttp.internal.CipherSuite TLS_DHE_DSS_WITH_AES_128_GCM_SHA256 -> Z
    io.grpc.okhttp.internal.CipherSuite TLS_DH_anon_WITH_DES_CBC_SHA -> s
    io.grpc.okhttp.internal.CipherSuite TLS_DHE_DSS_WITH_AES_256_GCM_SHA384 -> a0
    io.grpc.okhttp.internal.CipherSuite TLS_DHE_DSS_WITH_AES_256_CBC_SHA256 -> R
    io.grpc.okhttp.internal.CipherSuite TLS_DHE_DSS_WITH_DES_CBC_SHA -> k
    io.grpc.okhttp.internal.CipherSuite TLS_ECDH_ECDSA_WITH_AES_256_CBC_SHA -> i0
    io.grpc.okhttp.internal.CipherSuite TLS_ECDH_ECDSA_WITH_NULL_SHA -> e0
    io.grpc.okhttp.internal.CipherSuite TLS_DHE_DSS_WITH_AES_256_CBC_SHA -> J
    io.grpc.okhttp.internal.CipherSuite TLS_RSA_WITH_NULL_SHA -> c
    io.grpc.okhttp.internal.CipherSuite TLS_ECDH_RSA_WITH_3DES_EDE_CBC_SHA -> q0
    java.lang.String javaName -> a
    io.grpc.okhttp.internal.CipherSuite TLS_ECDHE_ECDSA_WITH_AES_128_CBC_SHA -> m0
    io.grpc.okhttp.internal.CipherSuite TLS_KRB5_EXPORT_WITH_RC4_40_SHA -> B
    io.grpc.okhttp.internal.CipherSuite TLS_ECDH_anon_WITH_NULL_SHA -> y0
    io.grpc.okhttp.internal.CipherSuite TLS_ECDHE_RSA_WITH_RC4_128_SHA -> u0
    io.grpc.okhttp.internal.CipherSuite TLS_DHE_RSA_WITH_AES_256_CBC_SHA256 -> S
    io.grpc.okhttp.internal.CipherSuite TLS_DH_anon_WITH_3DES_EDE_CBC_SHA -> t
    io.grpc.okhttp.internal.CipherSuite TLS_DHE_RSA_WITH_AES_256_CBC_SHA -> K
    io.grpc.okhttp.internal.CipherSuite TLS_DHE_DSS_WITH_3DES_EDE_CBC_SHA -> l
io.grpc.okhttp.internal.ConnectionSpec -> c.b.o1.r.b:
    io.grpc.okhttp.internal.CipherSuite[] APPROVED_CIPHER_SUITES -> e
    io.grpc.okhttp.internal.ConnectionSpec MODERN_TLS -> f
    boolean tls -> a
    java.lang.String[] tlsVersions -> c
    java.lang.String[] cipherSuites -> b
    boolean supportsTlsExtensions -> d
    java.lang.String[] access$400(io.grpc.okhttp.internal.ConnectionSpec) -> a
    void apply(javax.net.ssl.SSLSocket,boolean) -> a
    java.util.List cipherSuites() -> a
    java.lang.String[] access$500(io.grpc.okhttp.internal.ConnectionSpec) -> b
    io.grpc.okhttp.internal.ConnectionSpec supportedSpec(javax.net.ssl.SSLSocket,boolean) -> b
    boolean supportsTlsExtensions() -> b
    java.util.List tlsVersions() -> c
io.grpc.okhttp.internal.ConnectionSpec$1 -> c.b.o1.r.b$a:
io.grpc.okhttp.internal.ConnectionSpec$Builder -> c.b.o1.r.b$b:
    boolean tls -> a
    java.lang.String[] tlsVersions -> c
    java.lang.String[] cipherSuites -> b
    boolean supportsTlsExtensions -> d
    boolean access$000(io.grpc.okhttp.internal.ConnectionSpec$Builder) -> a
    io.grpc.okhttp.internal.ConnectionSpec build() -> a
    io.grpc.okhttp.internal.ConnectionSpec$Builder cipherSuites(io.grpc.okhttp.internal.CipherSuite[]) -> a
    io.grpc.okhttp.internal.ConnectionSpec$Builder cipherSuites(java.lang.String[]) -> a
    io.grpc.okhttp.internal.ConnectionSpec$Builder supportsTlsExtensions(boolean) -> a
    io.grpc.okhttp.internal.ConnectionSpec$Builder tlsVersions(io.grpc.okhttp.internal.TlsVersion[]) -> a
    java.lang.String[] access$100(io.grpc.okhttp.internal.ConnectionSpec$Builder) -> b
    io.grpc.okhttp.internal.ConnectionSpec$Builder tlsVersions(java.lang.String[]) -> b
    java.lang.String[] access$200(io.grpc.okhttp.internal.ConnectionSpec$Builder) -> c
    boolean access$300(io.grpc.okhttp.internal.ConnectionSpec$Builder) -> d
io.grpc.okhttp.internal.DistinguishedNameParser -> c.b.o1.r.c:
    char[] chars -> g
    int cur -> f
    java.lang.String dn -> a
    int beg -> d
    int end -> e
    int length -> b
    int pos -> c
    java.lang.String escapedAV() -> a
    java.lang.String findMostSpecific(java.lang.String) -> a
    int getByte(int) -> a
    char getEscaped() -> b
    char getUTF8() -> c
    java.lang.String hexAV() -> d
    java.lang.String nextAT() -> e
    java.lang.String quotedAV() -> f